
Начало логирования: Вт 28 мая 2024 18:22:20 MSK
Обрабатывается папка: /home/sapsan/Videos
Общая продолжительность видео в папке /home/sapsan/Videos: 00:00:00
Общая продолжительность всех видео: 00:00:00
Конец логирования: Вт 28 мая 2024 18:22:20 MSK
Обрабатывается папка: /home/sapsan/Videos/Linux Command Line Interface and BASH Scripting
Общая продолжительность видео в папке /home/sapsan/Videos/Linux Command Line Interface and BASH Scripting: 00:00:00
Общая продолжительность всех видео: 00:00:00
Конец логирования: Вт 28 мая 2024 18:22:20 MSK
Обрабатывается папка: /home/sapsan/Videos/Linux Command Line Interface and BASH Scripting/05 Chapter 4
Общая продолжительность видео в папке /home/sapsan/Videos/Linux Command Line Interface and BASH Scripting/05 Chapter 4: 00:53:16
Общая продолжительность всех видео: 00:53:16
Конец логирования: Вт 28 мая 2024 18:22:21 MSK
Обрабатывается папка: /home/sapsan/Videos/Linux Command Line Interface and BASH Scripting/03 Chapter 2
Общая продолжительность видео в папке /home/sapsan/Videos/Linux Command Line Interface and BASH Scripting/03 Chapter 2: 01:32:53
Общая продолжительность всех видео: 02:26:09
Конец логирования: Вт 28 мая 2024 18:22:23 MSK
Обрабатывается папка: /home/sapsan/Videos/Linux Command Line Interface and BASH Scripting/02 Chapter 1
Общая продолжительность видео в папке /home/sapsan/Videos/Linux Command Line Interface and BASH Scripting/02 Chapter 1: 00:08:00
Общая продолжительность всех видео: 02:34:09
Конец логирования: Вт 28 мая 2024 18:22:23 MSK
Обрабатывается папка: /home/sapsan/Videos/Linux Command Line Interface and BASH Scripting/01 Chapter 0
Общая продолжительность видео в папке /home/sapsan/Videos/Linux Command Line Interface and BASH Scripting/01 Chapter 0: 00:04:08
Общая продолжительность всех видео: 02:38:17
Конец логирования: Вт 28 мая 2024 18:22:23 MSK
Обрабатывается папка: /home/sapsan/Videos/Linux Command Line Interface and BASH Scripting/04 Chapter 3
Общая продолжительность видео в папке /home/sapsan/Videos/Linux Command Line Interface and BASH Scripting/04 Chapter 3: 00:13:27
Общая продолжительность всех видео: 02:51:44
Конец логирования: Вт 28 мая 2024 18:22:23 MSK
