
Начало логирования: Вт 28 мая 2024 18:19:05 MSK
Видео: /home/sapsan/Videos/Linux Command Line Interface and BASH Scripting/05 Chapter 4/044 Arithmetic Operations.mp4, Продолжительность: 00:02:21
Общая продолжительность всех видео: 00:02:21
Конец логирования: Вт 28 мая 2024 18:19:05 MSK
Видео: /home/sapsan/Videos/Linux Command Line Interface and BASH Scripting/05 Chapter 4/046 if.mp4, Продолжительность: 00:04:37
Общая продолжительность всех видео: 00:06:58
Конец логирования: Вт 28 мая 2024 18:19:05 MSK
Видео: /home/sapsan/Videos/Linux Command Line Interface and BASH Scripting/05 Chapter 4/057 Menus.mp4, Продолжительность: 00:04:48
Общая продолжительность всех видео: 00:11:46
Конец логирования: Вт 28 мая 2024 18:19:06 MSK
Видео: /home/sapsan/Videos/Linux Command Line Interface and BASH Scripting/05 Chapter 4/047 elif.mp4, Продолжительность: 00:02:42
Общая продолжительность всех видео: 00:14:28
Конец логирования: Вт 28 мая 2024 18:19:06 MSK
Видео: /home/sapsan/Videos/Linux Command Line Interface and BASH Scripting/05 Chapter 4/054 Passing Arguments.mp4, Продолжительность: 00:02:16
Общая продолжительность всех видео: 00:16:44
Конец логирования: Вт 28 мая 2024 18:19:06 MSK
Видео: /home/sapsan/Videos/Linux Command Line Interface and BASH Scripting/05 Chapter 4/049 if with Strings.mp4, Продолжительность: 00:02:54
Общая продолжительность всех видео: 00:19:38
Конец логирования: Вт 28 мая 2024 18:19:06 MSK
Видео: /home/sapsan/Videos/Linux Command Line Interface and BASH Scripting/05 Chapter 4/056 Functions - Examples.mp4, Продолжительность: 00:04:47
Общая продолжительность всех видео: 00:24:25
Конец логирования: Вт 28 мая 2024 18:19:06 MSK
Видео: /home/sapsan/Videos/Linux Command Line Interface and BASH Scripting/05 Chapter 4/058 Simple Script Example.mp4, Продолжительность: 00:06:23
Общая продолжительность всех видео: 00:30:48
Конец логирования: Вт 28 мая 2024 18:19:06 MSK
Видео: /home/sapsan/Videos/Linux Command Line Interface and BASH Scripting/05 Chapter 4/051 Loops - Introduction.mp4, Продолжительность: 00:00:28
Общая продолжительность всех видео: 00:31:16
Конец логирования: Вт 28 мая 2024 18:19:06 MSK
Видео: /home/sapsan/Videos/Linux Command Line Interface and BASH Scripting/05 Chapter 4/048 and.mp4, Продолжительность: 00:04:09
Общая продолжительность всех видео: 00:35:25
Конец логирования: Вт 28 мая 2024 18:19:06 MSK
Видео: /home/sapsan/Videos/Linux Command Line Interface and BASH Scripting/05 Chapter 4/055 Functions - Introduction.mp4, Продолжительность: 00:00:38
Общая продолжительность всех видео: 00:36:03
Конец логирования: Вт 28 мая 2024 18:19:06 MSK
Видео: /home/sapsan/Videos/Linux Command Line Interface and BASH Scripting/05 Chapter 4/053 while Loop.mp4, Продолжительность: 00:02:58
Общая продолжительность всех видео: 00:39:01
Конец логирования: Вт 28 мая 2024 18:19:06 MSK
Видео: /home/sapsan/Videos/Linux Command Line Interface and BASH Scripting/05 Chapter 4/052 for Loop.mp4, Продолжительность: 00:04:07
Общая продолжительность всех видео: 00:43:08
Конец логирования: Вт 28 мая 2024 18:19:06 MSK
Видео: /home/sapsan/Videos/Linux Command Line Interface and BASH Scripting/05 Chapter 4/050 read.mp4, Продолжительность: 00:03:18
Общая продолжительность всех видео: 00:46:26
Конец логирования: Вт 28 мая 2024 18:19:06 MSK
Видео: /home/sapsan/Videos/Linux Command Line Interface and BASH Scripting/05 Chapter 4/043 Hello World with Variables.mp4, Продолжительность: 00:02:02
Общая продолжительность всех видео: 00:48:28
Конец логирования: Вт 28 мая 2024 18:19:07 MSK
Видео: /home/sapsan/Videos/Linux Command Line Interface and BASH Scripting/05 Chapter 4/042 Hello World.mp4, Продолжительность: 00:03:17
Общая продолжительность всех видео: 00:51:45
Конец логирования: Вт 28 мая 2024 18:19:07 MSK
Видео: /home/sapsan/Videos/Linux Command Line Interface and BASH Scripting/05 Chapter 4/041 What is a BASH Script.mp4, Продолжительность: 00:00:55
Общая продолжительность всех видео: 00:52:40
Конец логирования: Вт 28 мая 2024 18:19:07 MSK
Видео: /home/sapsan/Videos/Linux Command Line Interface and BASH Scripting/05 Chapter 4/045 Conditionals.mp4, Продолжительность: 00:00:36
Общая продолжительность всех видео: 00:53:16
Конец логирования: Вт 28 мая 2024 18:19:07 MSK
Видео: /home/sapsan/Videos/Linux Command Line Interface and BASH Scripting/03 Chapter 2/025 less.mp4, Продолжительность: 00:02:37
Общая продолжительность всех видео: 00:55:53
Конец логирования: Вт 28 мая 2024 18:19:07 MSK
Видео: /home/sapsan/Videos/Linux Command Line Interface and BASH Scripting/03 Chapter 2/031 Symbolic Links.mp4, Продолжительность: 00:03:38
Общая продолжительность всех видео: 00:59:31
Конец логирования: Вт 28 мая 2024 18:19:07 MSK
Видео: /home/sapsan/Videos/Linux Command Line Interface and BASH Scripting/03 Chapter 2/036 Multiple Pipes.mp4, Продолжительность: 00:07:33
Общая продолжительность всех видео: 01:07:04
Конец логирования: Вт 28 мая 2024 18:19:07 MSK
Видео: /home/sapsan/Videos/Linux Command Line Interface and BASH Scripting/03 Chapter 2/009 pwd and cd.mp4, Продолжительность: 00:01:31
Общая продолжительность всех видео: 01:08:35
Конец логирования: Вт 28 мая 2024 18:19:07 MSK
Видео: /home/sapsan/Videos/Linux Command Line Interface and BASH Scripting/03 Chapter 2/013 ls -lhS.mp4, Продолжительность: 00:01:58
Общая продолжительность всех видео: 01:10:33
Конец логирования: Вт 28 мая 2024 18:19:07 MSK
Видео: /home/sapsan/Videos/Linux Command Line Interface and BASH Scripting/03 Chapter 2/028 Output Redirection Example.mp4, Продолжительность: 00:04:55
Общая продолжительность всех видео: 01:15:28
Конец логирования: Вт 28 мая 2024 18:19:07 MSK
Видео: /home/sapsan/Videos/Linux Command Line Interface and BASH Scripting/03 Chapter 2/022 touch.mp4, Продолжительность: 00:01:19
Общая продолжительность всех видео: 01:16:47
Конец логирования: Вт 28 мая 2024 18:19:07 MSK
Видео: /home/sapsan/Videos/Linux Command Line Interface and BASH Scripting/03 Chapter 2/030 du.mp4, Продолжительность: 00:06:24
Общая продолжительность всех видео: 01:23:11
Конец логирования: Вт 28 мая 2024 18:19:08 MSK
Видео: /home/sapsan/Videos/Linux Command Line Interface and BASH Scripting/03 Chapter 2/016 cp and mv.mp4, Продолжительность: 00:01:16
Общая продолжительность всех видео: 01:24:27
Конец логирования: Вт 28 мая 2024 18:19:08 MSK
Видео: /home/sapsan/Videos/Linux Command Line Interface and BASH Scripting/03 Chapter 2/024 cat.mp4, Продолжительность: 00:01:57
Общая продолжительность всех видео: 01:26:24
Конец логирования: Вт 28 мая 2024 18:19:08 MSK
Видео: /home/sapsan/Videos/Linux Command Line Interface and BASH Scripting/03 Chapter 2/023 Wildcard.mp4, Продолжительность: 00:04:38
Общая продолжительность всех видео: 01:31:02
Конец логирования: Вт 28 мая 2024 18:19:08 MSK
Видео: /home/sapsan/Videos/Linux Command Line Interface and BASH Scripting/03 Chapter 2/011 ls -l.mp4, Продолжительность: 00:01:55
Общая продолжительность всех видео: 01:32:57
Конец логирования: Вт 28 мая 2024 18:19:08 MSK
Видео: /home/sapsan/Videos/Linux Command Line Interface and BASH Scripting/03 Chapter 2/027 Output Redirection.mp4, Продолжительность: 00:01:52
Общая продолжительность всех видео: 01:34:49
Конец логирования: Вт 28 мая 2024 18:19:08 MSK
Видео: /home/sapsan/Videos/Linux Command Line Interface and BASH Scripting/03 Chapter 2/034 vi.mp4, Продолжительность: 00:03:53
Общая продолжительность всех видео: 01:38:42
Конец логирования: Вт 28 мая 2024 18:19:08 MSK
Видео: /home/sapsan/Videos/Linux Command Line Interface and BASH Scripting/03 Chapter 2/012 ls -lh.mp4, Продолжительность: 00:01:55
Общая продолжительность всех видео: 01:40:37
Конец логирования: Вт 28 мая 2024 18:19:08 MSK
Видео: /home/sapsan/Videos/Linux Command Line Interface and BASH Scripting/03 Chapter 2/021 mkdir and rmdir.mp4, Продолжительность: 00:02:15
Общая продолжительность всех видео: 01:42:52
Конец логирования: Вт 28 мая 2024 18:19:08 MSK
Видео: /home/sapsan/Videos/Linux Command Line Interface and BASH Scripting/03 Chapter 2/032 A Note On Symbolic Links.mp4, Продолжительность: 00:02:34
Общая продолжительность всех видео: 01:45:26
Конец логирования: Вт 28 мая 2024 18:19:08 MSK
Видео: /home/sapsan/Videos/Linux Command Line Interface and BASH Scripting/03 Chapter 2/014 ls -a and ls -A.mp4, Продолжительность: 00:04:03
Общая продолжительность всех видео: 01:49:29
Конец логирования: Вт 28 мая 2024 18:19:08 MSK
Видео: /home/sapsan/Videos/Linux Command Line Interface and BASH Scripting/03 Chapter 2/018 mv.mp4, Продолжительность: 00:03:32
Общая продолжительность всех видео: 01:53:01
Конец логирования: Вт 28 мая 2024 18:19:09 MSK
Видео: /home/sapsan/Videos/Linux Command Line Interface and BASH Scripting/03 Chapter 2/037 sed.mp4, Продолжительность: 00:07:34
Общая продолжительность всех видео: 02:00:35
Конец логирования: Вт 28 мая 2024 18:19:09 MSK
Видео: /home/sapsan/Videos/Linux Command Line Interface and BASH Scripting/03 Chapter 2/020 rm -rf.mp4, Продолжительность: 00:01:46
Общая продолжительность всех видео: 02:02:21
Конец логирования: Вт 28 мая 2024 18:19:09 MSK
Видео: /home/sapsan/Videos/Linux Command Line Interface and BASH Scripting/03 Chapter 2/017 cp.mp4, Продолжительность: 00:03:00
Общая продолжительность всех видео: 02:05:21
Конец логирования: Вт 28 мая 2024 18:19:09 MSK
Видео: /home/sapsan/Videos/Linux Command Line Interface and BASH Scripting/03 Chapter 2/033 Aliases.mp4, Продолжительность: 00:07:47
Общая продолжительность всех видео: 02:13:08
Конец логирования: Вт 28 мая 2024 18:19:09 MSK
Видео: /home/sapsan/Videos/Linux Command Line Interface and BASH Scripting/03 Chapter 2/015 ls and cd.mp4, Продолжительность: 00:03:58
Общая продолжительность всех видео: 02:17:06
Конец логирования: Вт 28 мая 2024 18:19:09 MSK
Видео: /home/sapsan/Videos/Linux Command Line Interface and BASH Scripting/03 Chapter 2/026 grep.mp4, Продолжительность: 00:04:13
Общая продолжительность всех видео: 02:21:19
Конец логирования: Вт 28 мая 2024 18:19:09 MSK
Видео: /home/sapsan/Videos/Linux Command Line Interface and BASH Scripting/03 Chapter 2/010 ls.mp4, Продолжительность: 00:00:47
Общая продолжительность всех видео: 02:22:06
Конец логирования: Вт 28 мая 2024 18:19:09 MSK
Видео: /home/sapsan/Videos/Linux Command Line Interface and BASH Scripting/03 Chapter 2/029 find.mp4, Продолжительность: 00:04:03
Общая продолжительность всех видео: 02:26:09
Конец логирования: Вт 28 мая 2024 18:19:09 MSK
Видео: /home/sapsan/Videos/Linux Command Line Interface and BASH Scripting/02 Chapter 1/004 What is Linux.mp4, Продолжительность: 00:00:41
Общая продолжительность всех видео: 02:26:50
Конец логирования: Вт 28 мая 2024 18:19:09 MSK
Видео: /home/sapsan/Videos/Linux Command Line Interface and BASH Scripting/02 Chapter 1/005 What is Linux Terminal.mp4, Продолжительность: 00:00:50
Общая продолжительность всех видео: 02:27:40
Конец логирования: Вт 28 мая 2024 18:19:09 MSK
Видео: /home/sapsan/Videos/Linux Command Line Interface and BASH Scripting/02 Chapter 1/008 man and --help.mp4, Продолжительность: 00:01:29
Общая продолжительность всех видео: 02:29:09
Конец логирования: Вт 28 мая 2024 18:19:10 MSK
Видео: /home/sapsan/Videos/Linux Command Line Interface and BASH Scripting/02 Chapter 1/006 Linux File System Hierarchy.mp4, Продолжительность: 00:04:09
Общая продолжительность всех видео: 02:33:18
Конец логирования: Вт 28 мая 2024 18:19:10 MSK
Видео: /home/sapsan/Videos/Linux Command Line Interface and BASH Scripting/02 Chapter 1/007 Terminal Interface Basics.mp4, Продолжительность: 00:00:51
Общая продолжительность всех видео: 02:34:09
Конец логирования: Вт 28 мая 2024 18:19:10 MSK
Видео: /home/sapsan/Videos/Linux Command Line Interface and BASH Scripting/01 Chapter 0/001 Introduction.mp4, Продолжительность: 00:00:45
Общая продолжительность всех видео: 02:34:54
Конец логирования: Вт 28 мая 2024 18:19:10 MSK
Видео: /home/sapsan/Videos/Linux Command Line Interface and BASH Scripting/01 Chapter 0/002 Preparation.mp4, Продолжительность: 00:03:23
Общая продолжительность всех видео: 02:38:17
Конец логирования: Вт 28 мая 2024 18:19:10 MSK
Видео: /home/sapsan/Videos/Linux Command Line Interface and BASH Scripting/04 Chapter 3/040 Permissions - Examples.mp4, Продолжительность: 00:04:26
Общая продолжительность всех видео: 02:42:43
Конец логирования: Вт 28 мая 2024 18:19:10 MSK
Видео: /home/sapsan/Videos/Linux Command Line Interface and BASH Scripting/04 Chapter 3/039 Permissions - Explained.mp4, Продолжительность: 00:09:01
Общая продолжительность всех видео: 02:51:44
Конец логирования: Вт 28 мая 2024 18:19:10 MSK
